Using pre-set license
Built from '2020.3/staging' branch; Version is '2020.3.6f1 (338bb68529b2) revision 3378102'; Using compiler version '192528614'; Build Type 'Release'
OS: 'Windows 10 Home; OS build 19042.928; Version 2009; 64bit' Language: 'en' Physical Memory: 32701 MB
BatchMode: 1, IsHumanControllingUs: 0, StartBugReporterOnCrash: 0, Is64bit: 1, IsPro: 0

 COMMAND LINE ARGUMENTS:
S:\unity\2020.3.6f1\Editor\Unity.exe
-adb2
-batchMode
-noUpm
-name
AssetImportWorker0
-projectPath
S:/unity/gamm/TemporaryName
-logFile
Logs/AssetImportWorker0.log
-srvPort
63444
Successfully changed project path to: S:/unity/gamm/TemporaryName
S:/unity/gamm/TemporaryName
Using Asset Import Pipeline V2.
Refreshing native plugins compatible for Editor in 18.69 ms, found 0 plugins.
Preloading 0 native plugins for Editor in 0.00 ms.
Initialize engine version: 2020.3.6f1 (338bb68529b2)
[Subsystems] Discovering subsystems at path S:/unity/2020.3.6f1/Editor/Data/Resources/UnitySubsystems
[Subsystems] Discovering subsystems at path S:/unity/gamm/TemporaryName/Assets
GfxDevice: creating device client; threaded=0
Direct3D:
    Version:  Direct3D 11.0 [level 11.1]
    Renderer: NVIDIA GeForce GTX 1060 6GB (ID=0x1c03)
    Vendor:   
    VRAM:     6052 MB
    Driver:   27.21.14.6172
Initialize mono
Mono path[0] = 'S:/unity/2020.3.6f1/Editor/Data/Managed'
Mono path[1] = 'S:/unity/2020.3.6f1/Editor/Data/MonoBleedingEdge/lib/mono/unityjit'
Mono config path = 'S:/unity/2020.3.6f1/Editor/Data/MonoBleedingEdge/etc'
Using monoOptions --debugger-agent=transport=dt_socket,embedding=1,server=y,suspend=n,address=127.0.0.1:56404
Begin MonoManager ReloadAssembly
Registering precompiled unity dll's ...
Register platform support module: S:/unity/2020.3.6f1/Editor/Data/PlaybackEngines/WindowsStandaloneSupport/UnityEditor.WindowsStandalone.Extensions.dll
Registered in 0.000768 seconds.
Native extension for WindowsStandalone target not found
Refreshing native plugins compatible for Editor in 18.21 ms, found 0 plugins.
Preloading 0 native plugins for Editor in 0.00 ms.
Mono: successfully reloaded assembly
- Completed reload, in  0.718 seconds
Platform modules already initialized, skipping
Registering precompiled user dll's ...
Registered in 0.000347 seconds.
Begin MonoManager ReloadAssembly
Native extension for WindowsStandalone target not found
Refreshing native plugins compatible for Editor in 0.20 ms, found 0 plugins.
Preloading 0 native plugins for Editor in 0.00 ms.
Mono: successfully reloaded assembly
- Completed reload, in  0.630 seconds
Platform modules already initialized, skipping
========================================================================
Worker process is ready to serve import requests
Launched and connected shader compiler UnityShaderCompiler.exe after 0.04 seconds
Refreshing native plugins compatible for Editor in 0.24 ms, found 0 plugins.
Preloading 0 native plugins for Editor in 0.00 ms.
Unloading 1154 Unused Serialized files (Serialized files now loaded: 0)
System memory in use before: 58.2 MB.
System memory in use after: 58.3 MB.

Unloading 9 unused Assets to reduce memory usage. Loaded Objects now: 1597.
Total: 1.843500 ms (FindLiveObjects: 0.261900 ms CreateObjectMapping: 0.088900 ms MarkObjects: 1.442500 ms  DeleteObjects: 0.049200 ms)

========================================================================
Received Import Request.
  path: Assets/Scripts/Item.cs
  artifactKey: Guid(dfbd92d2f72f370419360cd07a5cc59f) Importer(815301076,1909f56bfc062723c751e8b465ee728b)
Start importing Assets/Scripts/Item.cs using Guid(dfbd92d2f72f370419360cd07a5cc59f) Importer(815301076,1909f56bfc062723c751e8b465ee728b)  -> (artifact id: '2336aaf598df128a71e4063d22cea7dd') in 0.027145 seconds
  Import took 0.028676 seconds .

========================================================================
Received Prepare
Registering precompiled user dll's ...
Registered in 0.000386 seconds.
Begin MonoManager ReloadAssembly
Native extension for WindowsStandalone target not found
Refreshing native plugins compatible for Editor in 0.18 ms, found 0 plugins.
Preloading 0 native plugins for Editor in 0.00 ms.
Mono: successfully reloaded assembly
- Completed reload, in  0.584 seconds
Platform modules already initialized, skipping
Refreshing native plugins compatible for Editor in 0.19 ms, found 0 plugins.
Preloading 0 native plugins for Editor in 0.00 ms.
Unloading 1148 Unused Serialized files (Serialized files now loaded: 0)
System memory in use before: 58.0 MB.
System memory in use after: 58.1 MB.

Unloading 4 unused Assets to reduce memory usage. Loaded Objects now: 1600.
Total: 1.496300 ms (FindLiveObjects: 0.138400 ms CreateObjectMapping: 0.032500 ms MarkObjects: 1.310100 ms  DeleteObjects: 0.013900 ms)

========================================================================
Received Import Request.
  Time since last request: 116.796288 seconds.
  path: Assets/Textures/MENU.png
  artifactKey: Guid(9b7c1762ae579bc409a2197a72ab40f2) Importer(815301076,1909f56bfc062723c751e8b465ee728b)
Start importing Assets/Textures/MENU.png using Guid(9b7c1762ae579bc409a2197a72ab40f2) Importer(815301076,1909f56bfc062723c751e8b465ee728b)  -> (artifact id: 'ece355114581f62c2a444608866e32a6') in 0.104737 seconds
  Import took 0.106689 seconds .

========================================================================
Received Import Request.
  Time since last request: 174.585672 seconds.
  path: Assets/Scenes/Tai.unity
  artifactKey: Guid(d3cdb359676a83341b773e32f1833133) Importer(815301076,1909f56bfc062723c751e8b465ee728b)
Start importing Assets/Scenes/Tai.unity using Guid(d3cdb359676a83341b773e32f1833133) Importer(815301076,1909f56bfc062723c751e8b465ee728b)  -> (artifact id: '6f8731764a148de1cfbe70d7ad86e6e4') in 0.002109 seconds
  Import took 0.008696 seconds .

========================================================================
Received Import Request.
  Time since last request: 0.000625 seconds.
  path: Assets/Scenes/Tai.unity
  artifactKey: Guid(d3cdb359676a83341b773e32f1833133) Importer(815301076,1909f56bfc062723c751e8b465ee728b)
Start importing Assets/Scenes/Tai.unity using Guid(d3cdb359676a83341b773e32f1833133) Importer(815301076,1909f56bfc062723c751e8b465ee728b)  -> (artifact id: '6f8731764a148de1cfbe70d7ad86e6e4') in 0.001481 seconds
  Import took 0.002977 seconds .

========================================================================
Received Import Request.
  Time since last request: 6.575844 seconds.
  path: Assets/Scenes/Tai.unity
  artifactKey: Guid(d3cdb359676a83341b773e32f1833133) Importer(815301076,1909f56bfc062723c751e8b465ee728b)
Start importing Assets/Scenes/Tai.unity using Guid(d3cdb359676a83341b773e32f1833133) Importer(815301076,1909f56bfc062723c751e8b465ee728b)  -> (artifact id: 'b10e98130445f8f52d2a1f6eea389c88') in 0.001517 seconds
  Import took 0.003290 seconds .

========================================================================
Received Prepare
Registering precompiled user dll's ...
Registered in 0.000325 seconds.
Begin MonoManager ReloadAssembly
Native extension for WindowsStandalone target not found
Refreshing native plugins compatible for Editor in 0.25 ms, found 0 plugins.
Preloading 0 native plugins for Editor in 0.00 ms.
Mono: successfully reloaded assembly
- Completed reload, in  0.603 seconds
Platform modules already initialized, skipping
Refreshing native plugins compatible for Editor in 0.19 ms, found 0 plugins.
Preloading 0 native plugins for Editor in 0.00 ms.
Unloading 1195 Unused Serialized files (Serialized files now loaded: 0)
System memory in use before: 64.2 MB.
System memory in use after: 63.7 MB.

Unloading 17 unused Assets to reduce memory usage. Loaded Objects now: 1643.
Total: 1.664500 ms (FindLiveObjects: 0.173100 ms CreateObjectMapping: 0.043000 ms MarkObjects: 1.207700 ms  DeleteObjects: 0.239400 ms)

========================================================================
Received Import Request.
  Time since last request: 3002.905581 seconds.
  path: Assets/TextMesh Pro/Resources/Fonts & Materials/LiberationSans SDF - Drop Shadow.mat
  artifactKey: Guid(e73a58f6e2794ae7b1b7e50b7fb811b0) Importer(815301076,1909f56bfc062723c751e8b465ee728b)
Start importing Assets/TextMesh Pro/Resources/Fonts & Materials/LiberationSans SDF - Drop Shadow.mat using Guid(e73a58f6e2794ae7b1b7e50b7fb811b0) Importer(815301076,1909f56bfc062723c751e8b465ee728b)  -> (artifact id: '2fd7872455b175c1dd9d5ae5a711fd74') in 0.122411 seconds
  Import took 0.124523 seconds .

========================================================================
Received Import Request.
  Time since last request: 0.000201 seconds.
  path: Assets/TextMesh Pro/Resources/Fonts & Materials/LiberationSans SDF - Outline.mat
  artifactKey: Guid(79459efec17a4d00a321bdcc27bbc385) Importer(815301076,1909f56bfc062723c751e8b465ee728b)
Start importing Assets/TextMesh Pro/Resources/Fonts & Materials/LiberationSans SDF - Outline.mat using Guid(79459efec17a4d00a321bdcc27bbc385) Importer(815301076,1909f56bfc062723c751e8b465ee728b)  -> (artifact id: 'f70f92f3ac9d5cb8aedcee45ba6edffb') in 0.059744 seconds
  Import took 0.061472 seconds .

========================================================================
Received Import Request.
  Time since last request: 0.000219 seconds.
  path: Assets/TextMesh Pro/Resources/Fonts & Materials/LiberationSans SDF - Fallback.asset
  artifactKey: Guid(2e498d1c8094910479dc3e1b768306a4) Importer(815301076,1909f56bfc062723c751e8b465ee728b)
Start importing Assets/TextMesh Pro/Resources/Fonts & Materials/LiberationSans SDF - Fallback.asset using Guid(2e498d1c8094910479dc3e1b768306a4) Importer(815301076,1909f56bfc062723c751e8b465ee728b)  -> (artifact id: '49275a6f0a05fb6fd0893f0c6fe8bd83') in 0.044580 seconds
  Import took 0.046217 seconds .

========================================================================
Received Import Request.
  Time since last request: 0.000238 seconds.
  path: Assets/TextMesh Pro/Resources/Fonts & Materials/LiberationSans SDF - Drop Shadow.mat
  artifactKey: Guid(e73a58f6e2794ae7b1b7e50b7fb811b0) Importer(815301076,1909f56bfc062723c751e8b465ee728b)
Start importing Assets/TextMesh Pro/Resources/Fonts & Materials/LiberationSans SDF - Drop Shadow.mat using Guid(e73a58f6e2794ae7b1b7e50b7fb811b0) Importer(815301076,1909f56bfc062723c751e8b465ee728b)  -> (artifact id: '2fd7872455b175c1dd9d5ae5a711fd74') in 0.026965 seconds
  Import took 0.028573 seconds .

========================================================================
Received Import Request.
  Time since last request: 0.000193 seconds.
  path: Assets/TextMesh Pro/Resources/Fonts & Materials/LiberationSans SDF - Fallback.asset
  artifactKey: Guid(2e498d1c8094910479dc3e1b768306a4) Importer(815301076,1909f56bfc062723c751e8b465ee728b)
Start importing Assets/TextMesh Pro/Resources/Fonts & Materials/LiberationSans SDF - Fallback.asset using Guid(2e498d1c8094910479dc3e1b768306a4) Importer(815301076,1909f56bfc062723c751e8b465ee728b)  -> (artifact id: '49275a6f0a05fb6fd0893f0c6fe8bd83') in 0.011227 seconds
  Import took 0.012806 seconds .

========================================================================
Received Import Request.
  Time since last request: 0.000268 seconds.
  path: Assets/TextMesh Pro/Resources/Fonts & Materials/LiberationSans SDF.asset
  artifactKey: Guid(8f586378b4e144a9851e7b34d9b748ee) Importer(815301076,1909f56bfc062723c751e8b465ee728b)
Start importing Assets/TextMesh Pro/Resources/Fonts & Materials/LiberationSans SDF.asset using Guid(8f586378b4e144a9851e7b34d9b748ee) Importer(815301076,1909f56bfc062723c751e8b465ee728b)  -> (artifact id: '2a7b1e1521afdd172079af04aa10e8dd') in 0.035472 seconds
  Import took 0.037155 seconds .

========================================================================
Received Import Request.
  Time since last request: 0.003355 seconds.
  path: Assets/TextMesh Pro/Resources/Fonts & Materials/LiberationSans SDF.asset
  artifactKey: Guid(8f586378b4e144a9851e7b34d9b748ee) Importer(815301076,1909f56bfc062723c751e8b465ee728b)
Start importing Assets/TextMesh Pro/Resources/Fonts & Materials/LiberationSans SDF.asset using Guid(8f586378b4e144a9851e7b34d9b748ee) Importer(815301076,1909f56bfc062723c751e8b465ee728b)  -> (artifact id: '2a7b1e1521afdd172079af04aa10e8dd') in 0.031036 seconds
  Import took 0.033090 seconds .

========================================================================
Received Import Request.
  Time since last request: 4.095070 seconds.
  path: Assets/TextMesh Pro/Fonts/LiberationSans.ttf
  artifactKey: Guid(e3265ab4bf004d28a9537516768c1c75) Importer(815301076,1909f56bfc062723c751e8b465ee728b)
Start importing Assets/TextMesh Pro/Fonts/LiberationSans.ttf using Guid(e3265ab4bf004d28a9537516768c1c75) Importer(815301076,1909f56bfc062723c751e8b465ee728b)  -> (artifact id: '30aa5f80fae81faea845643342598653') in 0.022982 seconds
  Import took 0.024835 seconds .

========================================================================
Received Import Request.
  Time since last request: 0.002495 seconds.
  path: Assets/TextMesh Pro/Fonts/LiberationSans.ttf
  artifactKey: Guid(e3265ab4bf004d28a9537516768c1c75) Importer(815301076,1909f56bfc062723c751e8b465ee728b)
Start importing Assets/TextMesh Pro/Fonts/LiberationSans.ttf using Guid(e3265ab4bf004d28a9537516768c1c75) Importer(815301076,1909f56bfc062723c751e8b465ee728b)  -> (artifact id: '30aa5f80fae81faea845643342598653') in 0.011362 seconds
  Import took 0.013085 seconds .

========================================================================
Received Import Request.
  Time since last request: 6.923177 seconds.
  path: Assets/TextMesh Pro/Resources/Sprite Assets/EmojiOne.asset
  artifactKey: Guid(c41005c129ba4d66911b75229fd70b45) Importer(815301076,1909f56bfc062723c751e8b465ee728b)
Start importing Assets/TextMesh Pro/Resources/Sprite Assets/EmojiOne.asset using Guid(c41005c129ba4d66911b75229fd70b45) Importer(815301076,1909f56bfc062723c751e8b465ee728b)  -> (artifact id: '142b34ad33308c3529faeb4c9f1f92a5') in 0.009567 seconds
  Import took 0.011668 seconds .

========================================================================
Received Import Request.
  Time since last request: 58.622765 seconds.
  path: Assets/TextMesh Pro/Examples & Extras/Fonts
  artifactKey: Guid(b63e0053080646b9819789bf3bf9fa17) Importer(815301076,1909f56bfc062723c751e8b465ee728b)
Start importing Assets/TextMesh Pro/Examples & Extras/Fonts using Guid(b63e0053080646b9819789bf3bf9fa17) Importer(815301076,1909f56bfc062723c751e8b465ee728b)  -> (artifact id: 'a75faf3c766493e662d1bcb4ee1470fe') in 0.010441 seconds
  Import took 0.012114 seconds .

========================================================================
Received Import Request.
  Time since last request: 0.057276 seconds.
  path: Assets/TextMesh Pro/Examples & Extras/Fonts/Anton.ttf
  artifactKey: Guid(997a43b767814dd0a7642ec9b78cba41) Importer(815301076,1909f56bfc062723c751e8b465ee728b)
Start importing Assets/TextMesh Pro/Examples & Extras/Fonts/Anton.ttf using Guid(997a43b767814dd0a7642ec9b78cba41) Importer(815301076,1909f56bfc062723c751e8b465ee728b)  -> (artifact id: '46bf3944563a896adb6c3ee1cbc7d924') in 0.009742 seconds
  Import took 0.011384 seconds .

========================================================================
Received Import Request.
  Time since last request: 0.000253 seconds.
  path: Assets/TextMesh Pro/Examples & Extras/Fonts/Oswald-Bold.ttf
  artifactKey: Guid(c9f6d0e7bc8541498c9a4799ba184ede) Importer(815301076,1909f56bfc062723c751e8b465ee728b)
Start importing Assets/TextMesh Pro/Examples & Extras/Fonts/Oswald-Bold.ttf using Guid(c9f6d0e7bc8541498c9a4799ba184ede) Importer(815301076,1909f56bfc062723c751e8b465ee728b)  -> (artifact id: '231449d07e7b2fe9da4eb023b4c8a2e9') in 0.013021 seconds
  Import took 0.014523 seconds .

========================================================================
Received Import Request.
  Time since last request: 0.000230 seconds.
  path: Assets/TextMesh Pro/Examples & Extras/Fonts/Roboto-Bold.ttf
  artifactKey: Guid(4beb055f07aaff244873dec698d0363e) Importer(815301076,1909f56bfc062723c751e8b465ee728b)
Start importing Assets/TextMesh Pro/Examples & Extras/Fonts/Roboto-Bold.ttf using Guid(4beb055f07aaff244873dec698d0363e) Importer(815301076,1909f56bfc062723c751e8b465ee728b)  -> (artifact id: '493fec7cd50c91d1afdcf4a659aebf48') in 0.021719 seconds
  Import took 0.023242 seconds .

========================================================================
Received Import Request.
  Time since last request: 0.000262 seconds.
  path: Assets/TextMesh Pro/Examples & Extras/Fonts/Electronic Highway Sign.TTF
  artifactKey: Guid(8a2b9e2a607dd2143b58c44bc32410b4) Importer(815301076,1909f56bfc062723c751e8b465ee728b)
Start importing Assets/TextMesh Pro/Examples & Extras/Fonts/Electronic Highway Sign.TTF using Guid(8a2b9e2a607dd2143b58c44bc32410b4) Importer(815301076,1909f56bfc062723c751e8b465ee728b)  -> (artifact id: '1b690d2b3cfe85b81167034328f747ca') in 0.012908 seconds
  Import took 0.014528 seconds .

========================================================================
Received Import Request.
  Time since last request: 0.000260 seconds.
  path: Assets/TextMesh Pro/Examples & Extras/Fonts/Bangers.ttf
  artifactKey: Guid(5dd49b3eacc540408c98eee0de38e0f1) Importer(815301076,1909f56bfc062723c751e8b465ee728b)
Start importing Assets/TextMesh Pro/Examples & Extras/Fonts/Bangers.ttf using Guid(5dd49b3eacc540408c98eee0de38e0f1) Importer(815301076,1909f56bfc062723c751e8b465ee728b)  -> (artifact id: '046b021656027abd11f6a754b43d0e20') in 0.014983 seconds
  Import took 0.016602 seconds .

========================================================================
Received Import Request.
  Time since last request: 366.827925 seconds.
  path: Assets/TextMesh Pro/Fonts
  artifactKey: Guid(6ab70aee4d56447429c680537fbf93ed) Importer(815301076,1909f56bfc062723c751e8b465ee728b)
Start importing Assets/TextMesh Pro/Fonts using Guid(6ab70aee4d56447429c680537fbf93ed) Importer(815301076,1909f56bfc062723c751e8b465ee728b)  -> (artifact id: 'bdcee4fe86d105bc044dcd62a9bec285') in 0.001673 seconds
  Import took 0.004056 seconds .

========================================================================
Received Import Request.
  Time since last request: 7.772479 seconds.
  path: Assets/TextMesh Pro/Shaders
  artifactKey: Guid(e9f693669af91aa45ad615fc681ed29f) Importer(815301076,1909f56bfc062723c751e8b465ee728b)
Start importing Assets/TextMesh Pro/Shaders using Guid(e9f693669af91aa45ad615fc681ed29f) Importer(815301076,1909f56bfc062723c751e8b465ee728b)  -> (artifact id: '705109be4066f82ebd0c8b43bbe8223a') in 0.006114 seconds
  Import took 0.008078 seconds .

========================================================================
Received Import Request.
  Time since last request: 0.000901 seconds.
  path: Assets/TextMesh Pro/Shaders
  artifactKey: Guid(e9f693669af91aa45ad615fc681ed29f) Importer(815301076,1909f56bfc062723c751e8b465ee728b)
Start importing Assets/TextMesh Pro/Shaders using Guid(e9f693669af91aa45ad615fc681ed29f) Importer(815301076,1909f56bfc062723c751e8b465ee728b)  -> (artifact id: '705109be4066f82ebd0c8b43bbe8223a') in 0.001311 seconds
  Import took 0.002916 seconds .

========================================================================
Received Import Request.
  Time since last request: 8.867620 seconds.
  path: Assets/TextMesh Pro/Shaders/New TMP Color Gradient.asset
  artifactKey: Guid(fcacfb6026b551d408a2b56fcac617f5) Importer(815301076,1909f56bfc062723c751e8b465ee728b)
Start importing Assets/TextMesh Pro/Shaders/New TMP Color Gradient.asset using Guid(fcacfb6026b551d408a2b56fcac617f5) Importer(815301076,1909f56bfc062723c751e8b465ee728b)  -> (artifact id: '9518e8e2efc2248d0d592a68c651c61c') in 0.005865 seconds
  Import took 0.007524 seconds .

========================================================================
Received Import Request.
  Time since last request: 0.003032 seconds.
  path: Assets/TextMesh Pro/Shaders/New TMP Color Gradient.asset
  artifactKey: Guid(fcacfb6026b551d408a2b56fcac617f5) Importer(815301076,1909f56bfc062723c751e8b465ee728b)
Start importing Assets/TextMesh Pro/Shaders/New TMP Color Gradient.asset using Guid(fcacfb6026b551d408a2b56fcac617f5) Importer(815301076,1909f56bfc062723c751e8b465ee728b)  -> (artifact id: '9518e8e2efc2248d0d592a68c651c61c') in 0.001637 seconds
  Import took 0.003232 seconds .

========================================================================
Received Import Request.
  Time since last request: 56.843543 seconds.
  path: Assets/TextMesh Pro/Shaders/Yellow-Red.asset
  artifactKey: Guid(fcacfb6026b551d408a2b56fcac617f5) Importer(815301076,1909f56bfc062723c751e8b465ee728b)
Start importing Assets/TextMesh Pro/Shaders/Yellow-Red.asset using Guid(fcacfb6026b551d408a2b56fcac617f5) Importer(815301076,1909f56bfc062723c751e8b465ee728b)  -> (artifact id: 'ab946cf5b818bee2da1d742ca44f1eda') in 0.005361 seconds
  Import took 0.007002 seconds .

========================================================================
Received Import Request.
  Time since last request: 0.000475 seconds.
  path: Assets/TextMesh Pro/Shaders/Yellow-Red.asset
  artifactKey: Guid(fcacfb6026b551d408a2b56fcac617f5) Importer(815301076,1909f56bfc062723c751e8b465ee728b)
Start importing Assets/TextMesh Pro/Shaders/Yellow-Red.asset using Guid(fcacfb6026b551d408a2b56fcac617f5) Importer(815301076,1909f56bfc062723c751e8b465ee728b)  -> (artifact id: 'ab946cf5b818bee2da1d742ca44f1eda') in 0.001559 seconds
  Import took 0.002983 seconds .

========================================================================
Received Import Request.
  Time since last request: 7.656550 seconds.
  path: Assets/TextMesh Pro/Examples & Extras/Resources/Color Gradient Presets/Blue to Purple - Vertical.asset
  artifactKey: Guid(479a66fa4b094512a62b0a8e553ad95a) Importer(815301076,1909f56bfc062723c751e8b465ee728b)
Start importing Assets/TextMesh Pro/Examples & Extras/Resources/Color Gradient Presets/Blue to Purple - Vertical.asset using Guid(479a66fa4b094512a62b0a8e553ad95a) Importer(815301076,1909f56bfc062723c751e8b465ee728b)  -> (artifact id: '30623ecdc8142b4d2aa3c5d911e75fb1') in 0.009897 seconds
  Import took 0.011652 seconds .

========================================================================
Received Import Request.
  Time since last request: 0.000268 seconds.
  path: Assets/TextMesh Pro/Examples & Extras/Resources/Color Gradient Presets/Yellow to Orange - Vertical.asset
  artifactKey: Guid(69a525efa7e6472eab268f6ea605f06e) Importer(815301076,1909f56bfc062723c751e8b465ee728b)
Start importing Assets/TextMesh Pro/Examples & Extras/Resources/Color Gradient Presets/Yellow to Orange - Vertical.asset using Guid(69a525efa7e6472eab268f6ea605f06e) Importer(815301076,1909f56bfc062723c751e8b465ee728b)  -> (artifact id: '2c8576bbf56fcbfc213d506949f2971c') in 0.005329 seconds
  Import took 0.006829 seconds .

========================================================================
Received Import Request.
  Time since last request: 0.000278 seconds.
  path: Assets/TextMesh Pro/Examples & Extras/Resources/Color Gradient Presets/Light to Dark Green - Vertical.asset
  artifactKey: Guid(5cf8ae092ca54931b443bec5148f3c59) Importer(815301076,1909f56bfc062723c751e8b465ee728b)
Start importing Assets/TextMesh Pro/Examples & Extras/Resources/Color Gradient Presets/Light to Dark Green - Vertical.asset using Guid(5cf8ae092ca54931b443bec5148f3c59) Importer(815301076,1909f56bfc062723c751e8b465ee728b)  -> (artifact id: '94aed15093def874598e1b0290e22090') in 0.004740 seconds
  Import took 0.006422 seconds .

========================================================================
Received Import Request.
  Time since last request: 0.000239 seconds.
  path: Assets/TextMesh Pro/Examples & Extras/Resources/Color Gradient Presets/Dark to Light Green - Vertical.asset
  artifactKey: Guid(4c86a3366cd840348ebe8dc438570ee4) Importer(815301076,1909f56bfc062723c751e8b465ee728b)
Start importing Assets/TextMesh Pro/Examples & Extras/Resources/Color Gradient Presets/Dark to Light Green - Vertical.asset using Guid(4c86a3366cd840348ebe8dc438570ee4) Importer(815301076,1909f56bfc062723c751e8b465ee728b)  -> (artifact id: '0e43b1ed2ca4ac8d8dd907b946588712') in 0.004883 seconds
  Import took 0.006380 seconds .

========================================================================
Received Import Request.
  Time since last request: 0.000259 seconds.
  path: Assets/TextMesh Pro/Examples & Extras/Resources/Color Gradient Presets/Blue to Purple - Vertical.asset
  artifactKey: Guid(479a66fa4b094512a62b0a8e553ad95a) Importer(815301076,1909f56bfc062723c751e8b465ee728b)
Start importing Assets/TextMesh Pro/Examples & Extras/Resources/Color Gradient Presets/Blue to Purple - Vertical.asset using Guid(479a66fa4b094512a62b0a8e553ad95a) Importer(815301076,1909f56bfc062723c751e8b465ee728b)  -> (artifact id: '30623ecdc8142b4d2aa3c5d911e75fb1') in 0.001671 seconds
  Import took 0.003213 seconds .

========================================================================
Received Import Request.
  Time since last request: 16.096805 seconds.
  path: Assets/TextMesh Pro/Examples & Extras/Prefabs/Text Popup.prefab
  artifactKey: Guid(b06f0e6c1dfa4356ac918da1bb32c603) Importer(815301076,1909f56bfc062723c751e8b465ee728b)
Start importing Assets/TextMesh Pro/Examples & Extras/Prefabs/Text Popup.prefab using Guid(b06f0e6c1dfa4356ac918da1bb32c603) Importer(815301076,1909f56bfc062723c751e8b465ee728b)  -> (artifact id: '130bc3e7b7032bb6254564a308983acc') in 0.048166 seconds
  Import took 0.050133 seconds .

========================================================================
Received Import Request.
  Time since last request: 0.000263 seconds.
  path: Assets/TextMesh Pro/Examples & Extras/Prefabs/TextMeshPro - Prefab 2.prefab
  artifactKey: Guid(fdad9d952ae84cafb74c63f2e694d042) Importer(815301076,1909f56bfc062723c751e8b465ee728b)
Start importing Assets/TextMesh Pro/Examples & Extras/Prefabs/TextMeshPro - Prefab 2.prefab using Guid(fdad9d952ae84cafb74c63f2e694d042) Importer(815301076,1909f56bfc062723c751e8b465ee728b)  -> (artifact id: '5a350ca6cc0f6221cb342e2df43dad3a') in 0.027267 seconds
  Import took 0.033835 seconds .

========================================================================
Received Import Request.
  Time since last request: 0.000234 seconds.
  path: Assets/TextMesh Pro/Examples & Extras/Prefabs/TextMeshPro - Prefab 1.prefab
  artifactKey: Guid(a6e39ced0ea046bcb636c3f0b2e2a745) Importer(815301076,1909f56bfc062723c751e8b465ee728b)
Start importing Assets/TextMesh Pro/Examples & Extras/Prefabs/TextMeshPro - Prefab 1.prefab using Guid(a6e39ced0ea046bcb636c3f0b2e2a745) Importer(815301076,1909f56bfc062723c751e8b465ee728b)  -> (artifact id: '2c096efe6ee28f18396059befaeafd5b') in 0.025229 seconds
  Import took 0.026936 seconds .

========================================================================
Received Import Request.
  Time since last request: 1.555319 seconds.
  path: Assets/TextMesh Pro/Examples & Extras/Materials/Crate - Surface Shader Scene.mat
  artifactKey: Guid(e6b9b44320f4448d9d5e0ee634259966) Importer(815301076,1909f56bfc062723c751e8b465ee728b)
Start importing Assets/TextMesh Pro/Examples & Extras/Materials/Crate - Surface Shader Scene.mat using Guid(e6b9b44320f4448d9d5e0ee634259966) Importer(815301076,1909f56bfc062723c751e8b465ee728b)  -> (artifact id: 'baf9fc72da16a4af9a87d3920980d952') in 0.185287 seconds
  Import took 0.187316 seconds .

========================================================================
Received Import Request.
  Time since last request: 0.000235 seconds.
  path: Assets/TextMesh Pro/Examples & Extras/Materials/Ground - Surface Shader Scene.mat
  artifactKey: Guid(aadd5a709a48466c887296bb5b1b8110) Importer(815301076,1909f56bfc062723c751e8b465ee728b)
Start importing Assets/TextMesh Pro/Examples & Extras/Materials/Ground - Surface Shader Scene.mat using Guid(aadd5a709a48466c887296bb5b1b8110) Importer(815301076,1909f56bfc062723c751e8b465ee728b)  -> (artifact id: '34d306a8f03270583fc7247f465c5c0d') in 0.085535 seconds
  Import took 0.087048 seconds .

========================================================================
Received Import Request.
  Time since last request: 0.000286 seconds.
  path: Assets/TextMesh Pro/Examples & Extras/Materials/Ground - Logo Scene.mat
  artifactKey: Guid(c719e38f25a9480abd2480ab621a2949) Importer(815301076,1909f56bfc062723c751e8b465ee728b)
Start importing Assets/TextMesh Pro/Examples & Extras/Materials/Ground - Logo Scene.mat using Guid(c719e38f25a9480abd2480ab621a2949) Importer(815301076,1909f56bfc062723c751e8b465ee728b)  -> (artifact id: 'b1ebf693cf74df37bfd0c7bd5608ae78') in 0.129684 seconds
  Import took 0.131188 seconds .

========================================================================
Received Import Request.
  Time since last request: 0.000252 seconds.
  path: Assets/TextMesh Pro/Examples & Extras/Materials/Small Crate_diffuse.mat
  artifactKey: Guid(22262639920f43d6be32430e4e58350d) Importer(815301076,1909f56bfc062723c751e8b465ee728b)
Start importing Assets/TextMesh Pro/Examples & Extras/Materials/Small Crate_diffuse.mat using Guid(22262639920f43d6be32430e4e58350d) Importer(815301076,1909f56bfc062723c751e8b465ee728b)  -> (artifact id: '37cc341152fc57155ce710d5622f36f1') in 0.090614 seconds
  Import took 0.092139 seconds .

========================================================================
Received Import Request.
  Time since last request: 89.091191 seconds.
  path: Assets/TextMesh Pro/Examples & Extras/Resources/Color Gradient Presets/Black to Red.asset
  artifactKey: Guid(fcacfb6026b551d408a2b56fcac617f5) Importer(815301076,1909f56bfc062723c751e8b465ee728b)
Start importing Assets/TextMesh Pro/Examples & Extras/Resources/Color Gradient Presets/Black to Red.asset using Guid(fcacfb6026b551d408a2b56fcac617f5) Importer(815301076,1909f56bfc062723c751e8b465ee728b)  -> (artifact id: '6fa6f79a6fc89df13e896403089d42cc') in 0.005562 seconds
  Import took 0.007802 seconds .

========================================================================
Received Import Request.
  Time since last request: 391.121063 seconds.
  path: Assets/Textures/Button.png
  artifactKey: Guid(8ea4161b06311604f8dc3155b88d9500) Importer(815301076,1909f56bfc062723c751e8b465ee728b)
Start importing Assets/Textures/Button.png using Guid(8ea4161b06311604f8dc3155b88d9500) Importer(815301076,1909f56bfc062723c751e8b465ee728b)  -> (artifact id: 'e2708b0413e156018429ae86636c241a') in 0.021974 seconds
  Import took 0.023978 seconds .

========================================================================
Received Import Request.
  Time since last request: 19.120744 seconds.
  path: Assets/Textures/Button.png
  artifactKey: Guid(8ea4161b06311604f8dc3155b88d9500) Importer(815301076,1909f56bfc062723c751e8b465ee728b)
Start importing Assets/Textures/Button.png using Guid(8ea4161b06311604f8dc3155b88d9500) Importer(815301076,1909f56bfc062723c751e8b465ee728b)  -> (artifact id: 'c1f05d98d309fc8cbbb07656ceb02107') in 0.016502 seconds
  Import took 0.018306 seconds .

========================================================================
Received Import Request.
  Time since last request: 28.640664 seconds.
  path: Assets/Textures/Button.png
  artifactKey: Guid(8ea4161b06311604f8dc3155b88d9500) Importer(815301076,1909f56bfc062723c751e8b465ee728b)
Start importing Assets/Textures/Button.png using Guid(8ea4161b06311604f8dc3155b88d9500) Importer(815301076,1909f56bfc062723c751e8b465ee728b)  -> (artifact id: '3c5dcac50ad8979083ba001c1fc56967') in 0.008762 seconds
  Import took 0.010618 seconds .

========================================================================
Received Prepare
Registering precompiled user dll's ...
Registered in 0.000412 seconds.
Begin MonoManager ReloadAssembly
Native extension for WindowsStandalone target not found
Refreshing native plugins compatible for Editor in 0.20 ms, found 0 plugins.
Preloading 0 native plugins for Editor in 0.00 ms.
Mono: successfully reloaded assembly
- Completed reload, in  0.586 seconds
Platform modules already initialized, skipping
Refreshing native plugins compatible for Editor in 0.23 ms, found 0 plugins.
Preloading 0 native plugins for Editor in 0.00 ms.
Unloading 1195 Unused Serialized files (Serialized files now loaded: 0)
System memory in use before: 64.7 MB.
System memory in use after: 64.2 MB.

Unloading 17 unused Assets to reduce memory usage. Loaded Objects now: 1688.
Total: 1.749400 ms (FindLiveObjects: 0.227400 ms CreateObjectMapping: 0.039200 ms MarkObjects: 1.200500 ms  DeleteObjects: 0.280900 ms)

========================================================================
Received Prepare
Registering precompiled user dll's ...
Registered in 0.000469 seconds.
Begin MonoManager ReloadAssembly
Native extension for WindowsStandalone target not found
Refreshing native plugins compatible for Editor in 0.20 ms, found 0 plugins.
Preloading 0 native plugins for Editor in 0.00 ms.
Mono: successfully reloaded assembly
- Completed reload, in  0.582 seconds
Platform modules already initialized, skipping
Refreshing native plugins compatible for Editor in 0.21 ms, found 0 plugins.
Preloading 0 native plugins for Editor in 0.00 ms.
Unloading 1194 Unused Serialized files (Serialized files now loaded: 0)
System memory in use before: 64.6 MB.
System memory in use after: 64.1 MB.

Unloading 16 unused Assets to reduce memory usage. Loaded Objects now: 1691.
Total: 1.674600 ms (FindLiveObjects: 0.186000 ms CreateObjectMapping: 0.036300 ms MarkObjects: 1.198900 ms  DeleteObjects: 0.252300 ms)

========================================================================
Received Prepare
Registering precompiled user dll's ...
Registered in 0.000360 seconds.
Begin MonoManager ReloadAssembly
Native extension for WindowsStandalone target not found
Refreshing native plugins compatible for Editor in 0.23 ms, found 0 plugins.
Preloading 0 native plugins for Editor in 0.00 ms.
Mono: successfully reloaded assembly
- Completed reload, in  0.577 seconds
Platform modules already initialized, skipping
Refreshing native plugins compatible for Editor in 0.20 ms, found 0 plugins.
Preloading 0 native plugins for Editor in 0.00 ms.
Unloading 1194 Unused Serialized files (Serialized files now loaded: 0)
System memory in use before: 64.6 MB.
System memory in use after: 64.1 MB.

Unloading 16 unused Assets to reduce memory usage. Loaded Objects now: 1694.
Total: 2.060800 ms (FindLiveObjects: 0.176500 ms CreateObjectMapping: 0.045300 ms MarkObjects: 1.458700 ms  DeleteObjects: 0.379200 ms)

========================================================================
Received Prepare
Registering precompiled user dll's ...
Registered in 0.000351 seconds.
Begin MonoManager ReloadAssembly
Native extension for WindowsStandalone target not found
Refreshing native plugins compatible for Editor in 0.20 ms, found 0 plugins.
Preloading 0 native plugins for Editor in 0.00 ms.
Mono: successfully reloaded assembly
- Completed reload, in  0.574 seconds
Platform modules already initialized, skipping
Refreshing native plugins compatible for Editor in 0.24 ms, found 0 plugins.
Preloading 0 native plugins for Editor in 0.00 ms.
Unloading 1194 Unused Serialized files (Serialized files now loaded: 0)
System memory in use before: 64.6 MB.
System memory in use after: 64.1 MB.

Unloading 16 unused Assets to reduce memory usage. Loaded Objects now: 1697.
Total: 1.917600 ms (FindLiveObjects: 0.215200 ms CreateObjectMapping: 0.057900 ms MarkObjects: 1.357400 ms  DeleteObjects: 0.285300 ms)

========================================================================
Received Import Request.
  Time since last request: 654.757200 seconds.
  path: Assets/Scenes/Tai.unity
  artifactKey: Guid(d3cdb359676a83341b773e32f1833133) Importer(815301076,1909f56bfc062723c751e8b465ee728b)
Start importing Assets/Scenes/Tai.unity using Guid(d3cdb359676a83341b773e32f1833133) Importer(815301076,1909f56bfc062723c751e8b465ee728b)  -> (artifact id: '288d14d6944de871ae65c8cb4269266e') in 0.008156 seconds
  Import took 0.009900 seconds .

========================================================================
Received Import Request.
  Time since last request: 0.001821 seconds.
  path: Assets/Scenes/Tai.unity
  artifactKey: Guid(d3cdb359676a83341b773e32f1833133) Importer(815301076,1909f56bfc062723c751e8b465ee728b)
Start importing Assets/Scenes/Tai.unity using Guid(d3cdb359676a83341b773e32f1833133) Importer(815301076,1909f56bfc062723c751e8b465ee728b)  -> (artifact id: '288d14d6944de871ae65c8cb4269266e') in 0.001421 seconds
  Import took 0.002906 seconds .

========================================================================
Received Import Request.
  Time since last request: 7.665214 seconds.
  path: Assets/Scenes/Menu.unity
  artifactKey: Guid(d3cdb359676a83341b773e32f1833133) Importer(815301076,1909f56bfc062723c751e8b465ee728b)
Start importing Assets/Scenes/Menu.unity using Guid(d3cdb359676a83341b773e32f1833133) Importer(815301076,1909f56bfc062723c751e8b465ee728b)  -> (artifact id: '6b240c97a1d674832105ea98d17fc1ad') in 0.005039 seconds
  Import took 0.011575 seconds .

========================================================================
Received Import Request.
  Time since last request: 0.000524 seconds.
  path: Assets/Scenes/Menu.unity
  artifactKey: Guid(d3cdb359676a83341b773e32f1833133) Importer(815301076,1909f56bfc062723c751e8b465ee728b)
Start importing Assets/Scenes/Menu.unity using Guid(d3cdb359676a83341b773e32f1833133) Importer(815301076,1909f56bfc062723c751e8b465ee728b)  -> (artifact id: '6b240c97a1d674832105ea98d17fc1ad') in 0.001517 seconds
  Import took 0.003040 seconds .

========================================================================
Received Prepare
Registering precompiled user dll's ...
Registered in 0.000407 seconds.
Begin MonoManager ReloadAssembly
Native extension for WindowsStandalone target not found
Refreshing native plugins compatible for Editor in 0.20 ms, found 0 plugins.
Preloading 0 native plugins for Editor in 0.00 ms.
Mono: successfully reloaded assembly
- Completed reload, in  0.596 seconds
Platform modules already initialized, skipping
Refreshing native plugins compatible for Editor in 0.36 ms, found 0 plugins.
Preloading 0 native plugins for Editor in 0.00 ms.
Unloading 1194 Unused Serialized files (Serialized files now loaded: 0)
System memory in use before: 64.7 MB.
System memory in use after: 64.1 MB.

Unloading 16 unused Assets to reduce memory usage. Loaded Objects now: 1700.
Total: 1.875200 ms (FindLiveObjects: 0.208700 ms CreateObjectMapping: 0.053300 ms MarkObjects: 1.335000 ms  DeleteObjects: 0.276700 ms)

========================================================================
Received Prepare
Registering precompiled user dll's ...
Registered in 0.000335 seconds.
Begin MonoManager ReloadAssembly
Native extension for WindowsStandalone target not found
Refreshing native plugins compatible for Editor in 0.29 ms, found 0 plugins.
Preloading 0 native plugins for Editor in 0.00 ms.
Mono: successfully reloaded assembly
- Completed reload, in  0.605 seconds
Platform modules already initialized, skipping
Refreshing native plugins compatible for Editor in 0.21 ms, found 0 plugins.
Preloading 0 native plugins for Editor in 0.00 ms.
Unloading 1194 Unused Serialized files (Serialized files now loaded: 0)
System memory in use before: 64.7 MB.
System memory in use after: 64.1 MB.

Unloading 16 unused Assets to reduce memory usage. Loaded Objects now: 1703.
Total: 1.889900 ms (FindLiveObjects: 0.198100 ms CreateObjectMapping: 0.050400 ms MarkObjects: 1.368400 ms  DeleteObjects: 0.272100 ms)

========================================================================
Received Import Request.
  Time since last request: 582.688083 seconds.
  path: Assets/Scripts/MainMenu.cs
  artifactKey: Guid(8cbb8aac93ab7d546bf558392b05e2af) Importer(815301076,1909f56bfc062723c751e8b465ee728b)
Start importing Assets/Scripts/MainMenu.cs using Guid(8cbb8aac93ab7d546bf558392b05e2af) Importer(815301076,1909f56bfc062723c751e8b465ee728b)  -> (artifact id: '017bbac2d6421a32380fc9ce9eee257d') in 0.007015 seconds
  Import took 0.008733 seconds .

========================================================================
Received Prepare
Registering precompiled user dll's ...
Registered in 0.000417 seconds.
Begin MonoManager ReloadAssembly
Native extension for WindowsStandalone target not found
Refreshing native plugins compatible for Editor in 0.20 ms, found 0 plugins.
Preloading 0 native plugins for Editor in 0.00 ms.
Mono: successfully reloaded assembly
- Completed reload, in  0.597 seconds
Platform modules already initialized, skipping
Refreshing native plugins compatible for Editor in 0.20 ms, found 0 plugins.
Preloading 0 native plugins for Editor in 0.00 ms.
Unloading 1195 Unused Serialized files (Serialized files now loaded: 0)
System memory in use before: 64.7 MB.
System memory in use after: 64.2 MB.

Unloading 16 unused Assets to reduce memory usage. Loaded Objects now: 1707.
Total: 1.994400 ms (FindLiveObjects: 0.215600 ms CreateObjectMapping: 0.045700 ms MarkObjects: 1.447100 ms  DeleteObjects: 0.284600 ms)

========================================================================
Received Prepare
Registering precompiled user dll's ...
Registered in 0.000390 seconds.
Begin MonoManager ReloadAssembly
Native extension for WindowsStandalone target not found
Refreshing native plugins compatible for Editor in 0.21 ms, found 0 plugins.
Preloading 0 native plugins for Editor in 0.00 ms.
Mono: successfully reloaded assembly
- Completed reload, in  0.587 seconds
Platform modules already initialized, skipping
Refreshing native plugins compatible for Editor in 0.22 ms, found 0 plugins.
Preloading 0 native plugins for Editor in 0.00 ms.
Unloading 1195 Unused Serialized files (Serialized files now loaded: 0)
System memory in use before: 64.7 MB.
System memory in use after: 64.2 MB.

Unloading 16 unused Assets to reduce memory usage. Loaded Objects now: 1710.
Total: 1.877200 ms (FindLiveObjects: 0.159000 ms CreateObjectMapping: 0.037600 ms MarkObjects: 1.401500 ms  DeleteObjects: 0.278100 ms)

========================================================================
Received Import Request.
  Time since last request: 151.571496 seconds.
  path: Assets/Scripts/MainMenu.cs
  artifactKey: Guid(8cbb8aac93ab7d546bf558392b05e2af) Importer(815301076,1909f56bfc062723c751e8b465ee728b)
Start importing Assets/Scripts/MainMenu.cs using Guid(8cbb8aac93ab7d546bf558392b05e2af) Importer(815301076,1909f56bfc062723c751e8b465ee728b)  -> (artifact id: '7dbbd4bcf245f782da3a83cabfe29a62') in 0.007434 seconds
  Import took 0.009487 seconds .

========================================================================
Received Prepare
Registering precompiled user dll's ...
Registered in 0.000420 seconds.
Begin MonoManager ReloadAssembly
Native extension for WindowsStandalone target not found
Refreshing native plugins compatible for Editor in 0.20 ms, found 0 plugins.
Preloading 0 native plugins for Editor in 0.00 ms.
Mono: successfully reloaded assembly
- Completed reload, in  0.583 seconds
Platform modules already initialized, skipping
Refreshing native plugins compatible for Editor in 0.21 ms, found 0 plugins.
Preloading 0 native plugins for Editor in 0.00 ms.
Unloading 1195 Unused Serialized files (Serialized files now loaded: 0)
System memory in use before: 64.7 MB.
System memory in use after: 64.2 MB.

Unloading 16 unused Assets to reduce memory usage. Loaded Objects now: 1713.
Total: 1.661000 ms (FindLiveObjects: 0.136700 ms CreateObjectMapping: 0.031600 ms MarkObjects: 1.232400 ms  DeleteObjects: 0.258900 ms)

========================================================================
Received Prepare
Registering precompiled user dll's ...
Registered in 0.000385 seconds.
Begin MonoManager ReloadAssembly
Native extension for WindowsStandalone target not found
Refreshing native plugins compatible for Editor in 0.25 ms, found 0 plugins.
Preloading 0 native plugins for Editor in 0.00 ms.
Mono: successfully reloaded assembly
- Completed reload, in  0.586 seconds
Platform modules already initialized, skipping
Refreshing native plugins compatible for Editor in 0.24 ms, found 0 plugins.
Preloading 0 native plugins for Editor in 0.00 ms.
Unloading 1195 Unused Serialized files (Serialized files now loaded: 0)
System memory in use before: 64.8 MB.
System memory in use after: 64.3 MB.

Unloading 16 unused Assets to reduce memory usage. Loaded Objects now: 1716.
Total: 2.103900 ms (FindLiveObjects: 0.197300 ms CreateObjectMapping: 0.042100 ms MarkObjects: 1.488900 ms  DeleteObjects: 0.374300 ms)

========================================================================
Received Prepare
Registering precompiled user dll's ...
Registered in 0.000313 seconds.
Begin MonoManager ReloadAssembly
Native extension for WindowsStandalone target not found
Refreshing native plugins compatible for Editor in 0.20 ms, found 0 plugins.
Preloading 0 native plugins for Editor in 0.00 ms.
Mono: successfully reloaded assembly
- Completed reload, in  0.579 seconds
Platform modules already initialized, skipping
Refreshing native plugins compatible for Editor in 0.28 ms, found 0 plugins.
Preloading 0 native plugins for Editor in 0.00 ms.
Unloading 1195 Unused Serialized files (Serialized files now loaded: 0)
System memory in use before: 64.8 MB.
System memory in use after: 64.3 MB.

Unloading 16 unused Assets to reduce memory usage. Loaded Objects now: 1719.
Total: 1.952100 ms (FindLiveObjects: 0.138400 ms CreateObjectMapping: 0.034900 ms MarkObjects: 1.434600 ms  DeleteObjects: 0.343100 ms)

========================================================================
Received Prepare
Registering precompiled user dll's ...
Registered in 0.000394 seconds.
Begin MonoManager ReloadAssembly
Native extension for WindowsStandalone target not found
Refreshing native plugins compatible for Editor in 0.24 ms, found 0 plugins.
Preloading 0 native plugins for Editor in 0.00 ms.
Mono: successfully reloaded assembly
- Completed reload, in  0.654 seconds
Platform modules already initialized, skipping
Refreshing native plugins compatible for Editor in 0.36 ms, found 0 plugins.
Preloading 0 native plugins for Editor in 0.00 ms.
Unloading 1195 Unused Serialized files (Serialized files now loaded: 0)
System memory in use before: 64.8 MB.
System memory in use after: 64.3 MB.

Unloading 16 unused Assets to reduce memory usage. Loaded Objects now: 1722.
Total: 2.087200 ms (FindLiveObjects: 0.290600 ms CreateObjectMapping: 0.069400 ms MarkObjects: 1.421800 ms  DeleteObjects: 0.303900 ms)

========================================================================
Received Prepare
Registering precompiled user dll's ...
Registered in 0.000331 seconds.
Begin MonoManager ReloadAssembly
Native extension for WindowsStandalone target not found
Refreshing native plugins compatible for Editor in 0.20 ms, found 0 plugins.
Preloading 0 native plugins for Editor in 0.00 ms.
Mono: successfully reloaded assembly
- Completed reload, in  0.584 seconds
Platform modules already initialized, skipping
Refreshing native plugins compatible for Editor in 0.25 ms, found 0 plugins.
Preloading 0 native plugins for Editor in 0.00 ms.
Unloading 1195 Unused Serialized files (Serialized files now loaded: 0)
System memory in use before: 64.8 MB.
System memory in use after: 64.3 MB.

Unloading 16 unused Assets to reduce memory usage. Loaded Objects now: 1725.
Total: 2.050200 ms (FindLiveObjects: 0.230800 ms CreateObjectMapping: 0.053700 ms MarkObjects: 1.467000 ms  DeleteObjects: 0.297200 ms)

========================================================================
Received Prepare
Registering precompiled user dll's ...
Registered in 0.000472 seconds.
Begin MonoManager ReloadAssembly
Native extension for WindowsStandalone target not found
Refreshing native plugins compatible for Editor in 0.23 ms, found 0 plugins.
Preloading 0 native plugins for Editor in 0.00 ms.
Mono: successfully reloaded assembly
- Completed reload, in  0.599 seconds
Platform modules already initialized, skipping
Refreshing native plugins compatible for Editor in 0.20 ms, found 0 plugins.
Preloading 0 native plugins for Editor in 0.00 ms.
Unloading 1195 Unused Serialized files (Serialized files now loaded: 0)
System memory in use before: 64.8 MB.
System memory in use after: 64.3 MB.

Unloading 16 unused Assets to reduce memory usage. Loaded Objects now: 1728.
Total: 2.069800 ms (FindLiveObjects: 0.255400 ms CreateObjectMapping: 0.048500 ms MarkObjects: 1.489300 ms  DeleteObjects: 0.274800 ms)

========================================================================
Received Import Request.
  Time since last request: 1716.101716 seconds.
  path: Assets/Textures/CheckBox.png
  artifactKey: Guid(025c2155e4856e945825a6bb76ff7912) Importer(815301076,1909f56bfc062723c751e8b465ee728b)
Start importing Assets/Textures/CheckBox.png using Guid(025c2155e4856e945825a6bb76ff7912) Importer(815301076,1909f56bfc062723c751e8b465ee728b)  -> (artifact id: '9f096c8e74817ff8e2f864c9f8b416e7') in 0.028833 seconds
  Import took 0.030867 seconds .

========================================================================
Received Import Request.
  Time since last request: 20.152566 seconds.
  path: Assets/Textures/CheckBox.png
  artifactKey: Guid(025c2155e4856e945825a6bb76ff7912) Importer(815301076,1909f56bfc062723c751e8b465ee728b)
Start importing Assets/Textures/CheckBox.png using Guid(025c2155e4856e945825a6bb76ff7912) Importer(815301076,1909f56bfc062723c751e8b465ee728b)  -> (artifact id: 'c6a12bd54e0d7b7a8660db6c3204a640') in 0.019825 seconds
  Import took 0.021772 seconds .

========================================================================
Received Import Request.
  Time since last request: 18.734580 seconds.
  path: Assets/Textures/CheckBox.png
  artifactKey: Guid(025c2155e4856e945825a6bb76ff7912) Importer(815301076,1909f56bfc062723c751e8b465ee728b)
Start importing Assets/Textures/CheckBox.png using Guid(025c2155e4856e945825a6bb76ff7912) Importer(815301076,1909f56bfc062723c751e8b465ee728b)  -> (artifact id: '5fc2991d36016e52e14f423a6956dbea') in 0.005214 seconds
  Import took 0.006984 seconds .

========================================================================
Received Import Request.
  Time since last request: 0.001905 seconds.
  path: Assets/Textures/CheckBox.png
  artifactKey: Guid(025c2155e4856e945825a6bb76ff7912) Importer(815301076,1909f56bfc062723c751e8b465ee728b)
Start importing Assets/Textures/CheckBox.png using Guid(025c2155e4856e945825a6bb76ff7912) Importer(815301076,1909f56bfc062723c751e8b465ee728b)  -> (artifact id: '5fc2991d36016e52e14f423a6956dbea') in 0.005302 seconds
  Import took 0.007023 seconds .

========================================================================
Received Import Request.
  Time since last request: 36.981208 seconds.
  path: Assets/Textures/CheckBox.aseprite
  artifactKey: Guid(a6d9474aa7ce2974e90810ef2fdd3e8a) Importer(815301076,1909f56bfc062723c751e8b465ee728b)
Start importing Assets/Textures/CheckBox.aseprite using Guid(a6d9474aa7ce2974e90810ef2fdd3e8a) Importer(815301076,1909f56bfc062723c751e8b465ee728b)  -> (artifact id: '56d5a0bc364f0dfa633a4cc5bd9c95ce') in 0.007012 seconds
  Import took 0.008781 seconds .

========================================================================
Received Import Request.
  Time since last request: 0.000822 seconds.
  path: Assets/Textures/CheckBox.aseprite
  artifactKey: Guid(a6d9474aa7ce2974e90810ef2fdd3e8a) Importer(815301076,1909f56bfc062723c751e8b465ee728b)
Start importing Assets/Textures/CheckBox.aseprite using Guid(a6d9474aa7ce2974e90810ef2fdd3e8a) Importer(815301076,1909f56bfc062723c751e8b465ee728b)  -> (artifact id: '56d5a0bc364f0dfa633a4cc5bd9c95ce') in 0.001459 seconds
  Import took 0.002877 seconds .

========================================================================
Received Import Request.
  Time since last request: 4.334906 seconds.
  path: Assets/Textures/CheckBox.png
  artifactKey: Guid(025c2155e4856e945825a6bb76ff7912) Importer(815301076,1909f56bfc062723c751e8b465ee728b)
Start importing Assets/Textures/CheckBox.png using Guid(025c2155e4856e945825a6bb76ff7912) Importer(815301076,1909f56bfc062723c751e8b465ee728b)  -> (artifact id: '94dba1db4fa182a5815d55a192af12c2') in 0.007506 seconds
  Import took 0.009250 seconds .

========================================================================
Received Import Request.
  Time since last request: 8.214363 seconds.
  path: Assets/Textures/CheckBox.png
  artifactKey: Guid(025c2155e4856e945825a6bb76ff7912) Importer(815301076,1909f56bfc062723c751e8b465ee728b)
Start importing Assets/Textures/CheckBox.png using Guid(025c2155e4856e945825a6bb76ff7912) Importer(815301076,1909f56bfc062723c751e8b465ee728b)  -> (artifact id: 'd27ee45c7cc28a83d1b73a90c6739195') in 0.007560 seconds
  Import took 0.014128 seconds .

========================================================================
Received Import Request.
  Time since last request: 15.821229 seconds.
  path: Assets/Textures/CheckBox.png
  artifactKey: Guid(025c2155e4856e945825a6bb76ff7912) Importer(815301076,1909f56bfc062723c751e8b465ee728b)
Start importing Assets/Textures/CheckBox.png using Guid(025c2155e4856e945825a6bb76ff7912) Importer(815301076,1909f56bfc062723c751e8b465ee728b)  -> (artifact id: '102bdca77631624a434ba5cfed730736') in 0.005092 seconds
  Import took 0.006843 seconds .

========================================================================
Received Import Request.
  Time since last request: 0.002056 seconds.
  path: Assets/Textures/CheckBox.png
  artifactKey: Guid(025c2155e4856e945825a6bb76ff7912) Importer(815301076,1909f56bfc062723c751e8b465ee728b)
Start importing Assets/Textures/CheckBox.png using Guid(025c2155e4856e945825a6bb76ff7912) Importer(815301076,1909f56bfc062723c751e8b465ee728b)  -> (artifact id: '102bdca77631624a434ba5cfed730736') in 0.005242 seconds
  Import took 0.006823 seconds .

========================================================================
Received Import Request.
  Time since last request: 44.648282 seconds.
  path: Assets/Textures/CheckBox 1.png
  artifactKey: Guid(05377a252fad9964a986aa2d6314a70e) Importer(815301076,1909f56bfc062723c751e8b465ee728b)
Start importing Assets/Textures/CheckBox 1.png using Guid(05377a252fad9964a986aa2d6314a70e) Importer(815301076,1909f56bfc062723c751e8b465ee728b)  -> (artifact id: 'd6d320b33f04900e40418efbd170108d') in 0.009476 seconds
  Import took 0.011407 seconds .

========================================================================
Received Import Request.
  Time since last request: 9.556467 seconds.
  path: Assets/Textures/CheckBox.png
  artifactKey: Guid(05377a252fad9964a986aa2d6314a70e) Importer(815301076,1909f56bfc062723c751e8b465ee728b)
Start importing Assets/Textures/CheckBox.png using Guid(05377a252fad9964a986aa2d6314a70e) Importer(815301076,1909f56bfc062723c751e8b465ee728b)  -> (artifact id: 'a99b4fa64a1209975f9f9829e867790f') in 0.004420 seconds
  Import took 0.006349 seconds .

========================================================================
Received Import Request.
  Time since last request: 0.002112 seconds.
  path: Assets/Textures/CheckBox.png
  artifactKey: Guid(05377a252fad9964a986aa2d6314a70e) Importer(815301076,1909f56bfc062723c751e8b465ee728b)
Start importing Assets/Textures/CheckBox.png using Guid(05377a252fad9964a986aa2d6314a70e) Importer(815301076,1909f56bfc062723c751e8b465ee728b)  -> (artifact id: 'a99b4fa64a1209975f9f9829e867790f') in 0.004508 seconds
  Import took 0.006130 seconds .

========================================================================
Received Import Request.
  Time since last request: 4.905408 seconds.
  path: Assets/Textures/CheckBox.png
  artifactKey: Guid(05377a252fad9964a986aa2d6314a70e) Importer(815301076,1909f56bfc062723c751e8b465ee728b)
Start importing Assets/Textures/CheckBox.png using Guid(05377a252fad9964a986aa2d6314a70e) Importer(815301076,1909f56bfc062723c751e8b465ee728b)  -> (artifact id: '46d775973559910ae6d500a4903088cc') in 0.009332 seconds
  Import took 0.011014 seconds .

========================================================================
Received Import Request.
  Time since last request: 12.258089 seconds.
  path: Assets/Textures/CheckBox.png
  artifactKey: Guid(05377a252fad9964a986aa2d6314a70e) Importer(815301076,1909f56bfc062723c751e8b465ee728b)
Start importing Assets/Textures/CheckBox.png using Guid(05377a252fad9964a986aa2d6314a70e) Importer(815301076,1909f56bfc062723c751e8b465ee728b)  -> (artifact id: '2a2d311d492955cf9b2fef23cf1ec43c') in 0.005366 seconds
  Import took 0.007182 seconds .

========================================================================
Received Import Request.
  Time since last request: 0.001759 seconds.
  path: Assets/Textures/CheckBox.png
  artifactKey: Guid(05377a252fad9964a986aa2d6314a70e) Importer(815301076,1909f56bfc062723c751e8b465ee728b)
Start importing Assets/Textures/CheckBox.png using Guid(05377a252fad9964a986aa2d6314a70e) Importer(815301076,1909f56bfc062723c751e8b465ee728b)  -> (artifact id: '2a2d311d492955cf9b2fef23cf1ec43c') in 0.005780 seconds
  Import took 0.007338 seconds .

========================================================================
Received Import Request.
  Time since last request: 86.689744 seconds.
  path: Assets/Textures/CheckBox 1.png
  artifactKey: Guid(05377a252fad9964a986aa2d6314a70e) Importer(815301076,1909f56bfc062723c751e8b465ee728b)
Start importing Assets/Textures/CheckBox 1.png using Guid(05377a252fad9964a986aa2d6314a70e) Importer(815301076,1909f56bfc062723c751e8b465ee728b)  -> (artifact id: 'd73e73171444680571e65332d342543a') in 0.003962 seconds
  Import took 0.005695 seconds .

